<?xml version="1.0" encoding="UTF-8"?>
<testng-results skipped="0" failed="0" total="1" passed="1">
  <reporter-output>
  </reporter-output>
  <suite name="Default suite" duration-ms="45323" started-at="2020-05-22T00:43:38Z" finished-at="2020-05-22T00:44:24Z">
    <groups>
    </groups>
    <test name="Default test" duration-ms="45323" started-at="2020-05-22T00:43:38Z" finished-at="2020-05-22T00:44:24Z">
      <class name="com.fundoo.users.LabelTest">
        <test-method status="PASS" signature="runSetup()[pri:0, instance:com.fundoo.users.LabelTest@5594a1b5]" name="runSetup" is-config="true" duration-ms="10715" started-at="2020-05-22T01:43:38Z" finished-at="2020-05-22T01:43:49Z">
          <reporter-output>
          </reporter-output>
        </test-method> <!-- runSetup -->
        <test-method status="PASS" signature="deleteLabel()[pri:0, instance:com.fundoo.users.LabelTest@5594a1b5]" name="deleteLabel" duration-ms="30413" started-at="2020-05-22T01:43:49Z" finished-at="2020-05-22T01:44:19Z">
          <reporter-output>
          </reporter-output>
        </test-method> <!-- deleteLabel -->
        <test-method status="PASS" signature="exitDriver()[pri:0, instance:com.fundoo.users.LabelTest@5594a1b5]" name="exitDriver" is-config="true" duration-ms="4183" started-at="2020-05-22T01:44:19Z" finished-at="2020-05-22T01:44:24Z">
          <reporter-output>
          </reporter-output>
        </test-method> <!-- exitDriver -->
      </class> <!-- com.fundoo.users.LabelTest -->
    </test> <!-- Default test -->
  </suite> <!-- Default suite -->
</testng-results>
